[    0.000000] Linux version 4.15.0-200-generic (buildd@lcy02-amd64-069) (gcc version 7.5.0 (Ubuntu 7.5.0-3ubuntu1~18.04)) #211-Ubuntu SMP Thu Nov 24 18:16:04 UTC 2022 (Ubuntu 4.15.0-200.211-generic 4.15.18)
[    0.000000] Command line: BOOT_IMAGE=/boot/vmlinuz-4.15.0-200-generic root=LABEL=cloudimg-rootfs ro console=tty1 console=ttyS0
[    0.000000] KERNEL supported cpus:
[    0.000000]   Intel GenuineIntel
[    0.000000]   AMD AuthenticAMD
[    0.000000]   Centaur CentaurHauls
[    0.000000] x86/fpu: Supporting XSAVE feature 0x001: 'x87 floating point registers'
[    0.000000] x86/fpu: Supporting XSAVE feature 0x002: 'SSE registers'
[    0.000000] x86/fpu: Supporting XSAVE feature 0x004: 'AVX registers'
[    0.000000] x86/fpu: xstate_offset[2]:  576, xstate_sizes[2]:  256
[    0.000000] x86/fpu: Enabled xstate features 0x7, context size is 832 bytes, using 'standard' format.
[    0.000000] e820: BIOS-provided physical RAM map:
[    0.000000] BIOS-e820: [mem 0x0000000000000000-0x000000000009fbff] usable
[    0.000000] BIOS-e820: [mem 0x000000000009fc00-0x000000000009ffff] reserved
[    0.000000] BIOS-e820: [mem 0x00000000000f0000-0x00000000000fffff] reserved
[    0.000000] BIOS-e820: [mem 0x0000000000100000-0x000000007ffeffff] usable
[    0.000000] BIOS-e820: [mem 0x000000007fff0000-0x000000007fffffff] ACPI data
[    0.000000] BIOS-e820: [mem 0x00000000fec00000-0x00000000fec00fff] reserved
[    0.000000] BIOS-e820: [mem 0x00000000fee00000-0x00000000fee00fff] reserved
[    0.000000] BIOS-e820: [mem 0x00000000fffc0000-0x00000000ffffffff] reserved
[    0.000000] NX (Execute Disable) protection: active
[    0.000000] SMBIOS 2.5 present.
[    0.000000] DMI: innotek GmbH VirtualBox/VirtualBox, BIOS VirtualBox 12/01/2006
[    0.000000] Hypervisor detected: KVM
[    0.000000] e820: last_pfn = 0x7fff0 max_arch_pfn = 0x400000000
[    0.000000] MTRR: Disabled
[    0.000000] x86/PAT: MTRRs disabled, skipping PAT initialization too.
[    0.000000] CPU MTRRs all blank - virtualized system.
[    0.000000] x86/PAT: Configuration [0-7]: WB  WT  UC- UC  WB  WT  UC- UC  
[    0.000000] found SMP MP-table at [mem 0x0009fff0-0x0009ffff]
[    0.000000] Scanning 1 areas for low memory corruption
[    0.000000] RAMDISK: [mem 0x359c9000-0x36cdbfff]
[    0.000000] ACPI: Early table checksum verification disabled
[    0.000000] ACPI: RSDP 0x00000000000E0000 000024 (v02 VBOX  )
[    0.000000] ACPI: XSDT 0x000000007FFF0030 00003C (v01 VBOX   VBOXXSDT 00000001 ASL  00000061)
[    0.000000] ACPI: FACP 0x000000007FFF00F0 0000F4 (v04 VBOX   VBOXFACP 00000001 ASL  00000061)
[    0.000000] ACPI: DSDT 0x000000007FFF0470 002325 (v02 VBOX   VBOXBIOS 00000002 INTL 20190509)
[    0.000000] ACPI: FACS 0x000000007FFF0200 000040
[    0.000000] ACPI: FACS 0x000000007FFF0200 000040
[    0.000000] ACPI: APIC 0x000000007FFF0240 00005C (v02 VBOX   VBOXAPIC 00000001 ASL  00000061)
[    0.000000] ACPI: SSDT 0x000000007FFF02A0 0001CC (v01 VBOX   VBOXCPUT 00000002 INTL 20190509)
[    0.000000] ACPI: Reserving FACP table memory at [mem 0x7fff00f0-0x7fff01e3]
[    0.000000] ACPI: Reserving DSDT table memory at [mem 0x7fff0470-0x7fff2794]
[    0.000000] ACPI: Reserving FACS table memory at [mem 0x7fff0200-0x7fff023f]
[    0.000000] ACPI: Reserving FACS table memory at [mem 0x7fff0200-0x7fff023f]
[    0.000000] ACPI: Reserving APIC table memory at [mem 0x7fff0240-0x7fff029b]
[    0.000000] ACPI: Reserving SSDT table memory at [mem 0x7fff02a0-0x7fff046b]
[    0.000000] No NUMA configuration found
[    0.000000] Faking a node at [mem 0x0000000000000000-0x000000007ffeffff]
[    0.000000] NODE_DATA(0) allocated [mem 0x7ffc5000-0x7ffeffff]
[    0.000000] kvm-clock: cpu 0, msr 0:7ff44001, primary cpu clock
[    0.000000] kvm-clock: Using msrs 4b564d01 and 4b564d00
[    0.000000] kvm-clock: using sched offset of 3128467409 cycles
[    0.000000] clocksource: kvm-clock: mask: 0xffffffffffffffff max_cycles: 0x1cd42e4dffb, max_idle_ns: 881590591483 ns
[    0.000000] Zone ranges:
[    0.000000]   DMA      [mem 0x0000000000001000-0x0000000000ffffff]
[    0.000000]   DMA32    [mem 0x0000000001000000-0x000000007ffeffff]
[    0.000000]   Normal   empty
[    0.000000]   Device   empty
[    0.000000] Movable zone start for each node
[    0.000000] Early memory node ranges
[    0.000000]   node   0: [mem 0x0000000000001000-0x000000000009efff]
[    0.000000]   node   0: [mem 0x0000000000100000-0x000000007ffeffff]
[    0.000000] Reserved but unavailable: 104 pages
[    0.000000] Initmem setup node 0 [mem 0x0000000000001000-0x000000007ffeffff]
[    0.000000] ACPI: PM-Timer IO Port: 0x4008
[    0.000000] IOAPIC[0]: apic_id 2, version 32, address 0xfec00000, GSI 0-23
[    0.000000] ACPI: INT_SRC_OVR (bus 0 bus_irq 0 global_irq 2 dfl dfl)
[    0.000000] ACPI: INT_SRC_OVR (bus 0 bus_irq 9 global_irq 9 low level)
[    0.000000] Using ACPI (MADT) for SMP configuration information
[    0.000000] smpboot: Allowing 2 CPUs, 0 hotplug CPUs
[    0.000000] PM: Registered nosave memory: [mem 0x00000000-0x00000fff]
[    0.000000] PM: Registered nosave memory: [mem 0x0009f000-0x0009ffff]
[    0.000000] PM: Registered nosave memory: [mem 0x000a0000-0x000effff]
[    0.000000] PM: Registered nosave memory: [mem 0x000f0000-0x000fffff]
[    0.000000] e820: [mem 0x80000000-0xfebfffff] available for PCI devices
[    0.000000] Booting paravirtualized kernel on KVM
[    0.000000] clocksource: refined-jiffies: mask: 0xffffffff max_cycles: 0xffffffff, max_idle_ns: 7645519600211568 ns
[    0.000000] setup_percpu: NR_CPUS:8192 nr_cpumask_bits:2 nr_cpu_ids:2 nr_node_ids:1
[    0.000000] percpu: Embedded 50 pages/cpu s167936 r8192 d28672 u1048576
[    0.000000] PV qspinlock hash table entries: 256 (order: 0, 4096 bytes)
[    0.000000] Built 1 zonelists, mobility grouping on.  Total pages: 515961
[    0.000000] Policy zone: DMA32
[    0.000000] Kernel command line: BOOT_IMAGE=/boot/vmlinuz-4.15.0-200-generic root=LABEL=cloudimg-rootfs ro console=tty1 console=ttyS0
[    0.000000] Memory: 2014840K/2096696K available (12300K kernel code, 2477K rwdata, 4320K rodata, 2472K init, 2720K bss, 81856K reserved, 0K cma-reserved)
[    0.000000] SLUB: HWalign=64, Order=0-3, MinObjects=0, CPUs=2, Nodes=1
[    0.000000] Kernel/User page tables isolation: enabled
[    0.000000] ftrace: allocating 39478 entries in 155 pages
[    0.004000] Hierarchical RCU implementation.
[    0.004000] 	RCU restricting CPUs from NR_CPUS=8192 to nr_cpu_ids=2.
[    0.004000] 	Tasks RCU enabled.
[    0.004000] RCU: Adjusting geometry for rcu_fanout_leaf=16, nr_cpu_ids=2
[    0.004000] NR_IRQS: 524544, nr_irqs: 440, preallocated irqs: 16
[    0.004000] random: crng init done
[    0.004000] Console: colour VGA+ 80x25
[    0.004000] console [tty1] enabled
[    0.004000] console [ttyS0] enabled
[    0.004000] ACPI: Core revision 20170831
[    0.004000] ACPI: 2 ACPI AML tables successfully acquired and loaded
[    0.004000] APIC: Switch to symmetric I/O mode setup
[    0.004000] x2apic enabled
[    0.004000] Switched APIC routing to physical x2apic.
[    0.004000] ..TIMER: vector=0x30 apic1=0 pin1=2 apic2=-1 pin2=-1
[    0.004000] tsc: Detected 2904.006 MHz processor
[    0.004000] Calibrating delay loop (skipped) preset value.. 5808.01 BogoMIPS (lpj=11616024)
[    0.004004] pid_max: default: 32768 minimum: 301
[    0.004542] Security Framework initialized
[    0.005069] Yama: becoming mindful.
[    0.005490] AppArmor: AppArmor initialized
[    0.006511] Dentry cache hash table entries: 262144 (order: 9, 2097152 bytes)
[    0.008401] Inode-cache hash table entries: 131072 (order: 8, 1048576 bytes)
[    0.009162] Mount-cache hash table entries: 4096 (order: 3, 32768 bytes)
[    0.009971] Mountpoint-cache hash table entries: 4096 (order: 3, 32768 bytes)
[    0.010930] Last level iTLB entries: 4KB 64, 2MB 8, 4MB 8
[    0.011525] Last level dTLB entries: 4KB 64, 2MB 0, 4MB 0, 1GB 4
[    0.012003] Spectre V1 : Mitigation: usercopy/swapgs barriers and __user pointer sanitization
[    0.012931] Spectre V2 : Mitigation: Retpolines
[    0.013506] Spectre V2 : Spectre v2 / SpectreRSB mitigation: Filling RSB on context switch
[    0.014449] Speculative Store Bypass: Vulnerable
[    0.015046] MDS: Mitigation: Clear CPU buffers
[    0.015547] MMIO Stale Data: Mitigation: Clear CPU buffers
[    0.016002] SRBDS: Unknown: Dependent on hypervisor status
[    0.016736] Freeing SMP alternatives memory: 36K
[    0.127302] smpboot: CPU0: Intel(R) Core(TM) i5-10400F CPU @ 2.90GHz (family: 0x6, model: 0xa5, stepping: 0x3)
[    0.128000] Performance Events: unsupported p6 CPU model 165 no PMU driver, software events only.
[    0.128000] Hierarchical SRCU implementation.
[    0.128000] NMI watchdog: Perf event create on CPU 0 failed with -2
[    0.128000] NMI watchdog: Perf NMI watchdog permanently disabled
[    0.128029] smp: Bringing up secondary CPUs ...
[    0.128606] x86: Booting SMP configuration:
[    0.129100] .... node  #0, CPUs:      #1
[    0.004000] kvm-clock: cpu 1, msr 0:7ff44041, secondary cpu clock
[    0.132015] smp: Brought up 1 node, 2 CPUs
[    0.132487] smpboot: Max logical packages: 1
[    0.132975] smpboot: Total of 2 processors activated (11616.02 BogoMIPS)
[    0.133871] devtmpfs: initialized
[    0.133871] x86/mm: Memory block size: 128MB
[    0.133871] evm: security.selinux
[    0.136003] evm: security.SMACK64
[    0.136398] evm: security.SMACK64EXEC
[    0.136825] evm: security.SMACK64TRANSMUTE
[    0.137293] evm: security.SMACK64MMAP
[    0.137780] evm: security.apparmor
[    0.138182] evm: security.ima
[    0.138539] evm: security.capability
[    0.140051] clocksource: jiffies: mask: 0xffffffff max_cycles: 0xffffffff, max_idle_ns: 7645041785100000 ns
[    0.141091] futex hash table entries: 512 (order: 3, 32768 bytes)
[    0.141773] pinctrl core: initialized pinctrl subsystem
[    0.142423] RTC time:  9:44:28, date: 01/16/23
[    0.143090] NET: Registered protocol family 16
[    0.143654] audit: initializing netlink subsys (disabled)
[    0.144017] audit: type=2000 audit(1673862272.736:1): state=initialized audit_enabled=0 res=1
[    0.144075] cpuidle: using governor ladder
[    0.144495] cpuidle: using governor menu
[    0.144964] ACPI: bus type PCI registered
[    0.145471] acpiphp: ACPI Hot Plug PCI Controller Driver version: 0.5
[    0.146226] PCI: Using configuration type 1 for base access
[    0.149110] HugeTLB registered 2.00 MiB page size, pre-allocated 0 pages
[    0.149110] ACPI: Added _OSI(Module Device)
[    0.149110] ACPI: Added _OSI(Processor Device)
[    0.149110] ACPI: Added _OSI(3.0 _SCP Extensions)
[    0.152002] ACPI: Added _OSI(Processor Aggregator Device)
[    0.152611] ACPI: Added _OSI(Linux-Dell-Video)
[    0.153157] ACPI: Added _OSI(Linux-Lenovo-NV-HDMI-Audio)
[    0.153748] ACPI: Added _OSI(Linux-HPI-Hybrid-Graphics)
[    0.154514] ACPI: Executed 1 blocks of module-level executable AML code
[    0.157660] ACPI: Interpreter enabled
[    0.158095] ACPI: (supports S0 S5)
[    0.158496] ACPI: Using IOAPIC for interrupt routing
[    0.159243] PCI: Using host bridge windows from ACPI; if necessary, use "pci=nocrs" and report a bug
[    0.160113] ACPI: Enabled 2 GPEs in block 00 to 07
[    0.165027] ACPI: PCI Root Bridge [PCI0] (domain 0000 [bus 00-ff])
[    0.165703] acpi PNP0A03:00: _OSC: OS supports [ASPM ClockPM Segments MSI]
[    0.166804] acpi PNP0A03:00: _OSC: not requesting OS control; OS requires [ExtendedConfig ASPM ClockPM MSI]
[    0.167860] acpi PNP0A03:00: fail to add MMCONFIG information, can't access extended PCI configuration space under this bridge.
[    0.168249] PCI host bridge to bus 0000:00
[    0.168718] pci_bus 0000:00: root bus resource [io  0x0000-0x0cf7 window]
[    0.169447] pci_bus 0000:00: root bus resource [io  0x0d00-0xffff window]
[    0.170235] pci_bus 0000:00: root bus resource [mem 0x000a0000-0x000bffff window]
[    0.172002] pci_bus 0000:00: root bus resource [mem 0x80000000-0xfdffffff window]
[    0.172880] pci_bus 0000:00: root bus resource [bus 00-ff]
[    0.174750] pci 0000:00:01.1: legacy IDE quirk: reg 0x10: [io  0x01f0-0x01f7]
[    0.176002] pci 0000:00:01.1: legacy IDE quirk: reg 0x14: [io  0x03f6]
[    0.176705] pci 0000:00:01.1: legacy IDE quirk: reg 0x18: [io  0x0170-0x0177]
[    0.177503] pci 0000:00:01.1: legacy IDE quirk: reg 0x1c: [io  0x0376]
[    0.190062] pci 0000:00:07.0: quirk: [io  0x4000-0x403f] claimed by PIIX4 ACPI
[    0.192000] pci 0000:00:07.0: quirk: [io  0x4100-0x410f] claimed by PIIX4 SMB
[    0.201563] ACPI: PCI Interrupt Link [LNKA] (IRQs 5 9 10 *11)
[    0.202415] ACPI: PCI Interrupt Link [LNKB] (IRQs 5 9 *10 11)
[    0.203179] ACPI: PCI Interrupt Link [LNKC] (IRQs 5 *9 10 11)
[    0.203903] ACPI: PCI Interrupt Link [LNKD] (IRQs 5 9 10 *11)
[    0.204271] SCSI subsystem initialized
[    0.204739] pci 0000:00:02.0: vgaarb: setting as boot VGA device
[    0.204739] pci 0000:00:02.0: vgaarb: VGA device added: decodes=io+mem,owns=io+mem,locks=none
[    0.205662] pci 0000:00:02.0: vgaarb: bridge control possible
[    0.206289] vgaarb: loaded
[    0.208021] ACPI: bus type USB registered
[    0.208505] usbcore: registered new interface driver usbfs
[    0.209137] usbcore: registered new interface driver hub
[    0.209732] usbcore: registered new device driver usb
[    0.210323] EDAC MC: Ver: 3.0.0
[    0.210323] PCI: Using ACPI for IRQ routing
[    0.210323] NetLabel: Initializing
[    0.212002] NetLabel:  domain hash size = 128
[    0.212520] NetLabel:  protocols = UNLABELED CIPSOv4 CALIPSO
[    0.213156] NetLabel:  unlabeled traffic allowed by default
[    0.213783] clocksource: Switched to clocksource kvm-clock
[    0.220590] VFS: Disk quotas dquot_6.6.0
[    0.221066] VFS: Dquot-cache hash table entries: 512 (order 0, 4096 bytes)
[    0.221868] AppArmor: AppArmor Filesystem Enabled
[    0.222417] pnp: PnP ACPI init
[    0.223461] pnp: PnP ACPI: found 3 devices
[    0.230858] clocksource: acpi_pm: mask: 0xffffff max_cycles: 0xffffff, max_idle_ns: 2085701024 ns
[    0.231898] NET: Registered protocol family 2
[    0.232475] IP idents hash table entries: 32768 (order: 6, 262144 bytes)
[    0.233448] TCP established hash table entries: 16384 (order: 5, 131072 bytes)
[    0.234300] TCP bind hash table entries: 16384 (order: 6, 262144 bytes)
[    0.235414] TCP: Hash tables configured (established 16384 bind 16384)
[    0.236202] UDP hash table entries: 1024 (order: 3, 32768 bytes)
[    0.236884] UDP-Lite hash table entries: 1024 (order: 3, 32768 bytes)
[    0.237618] NET: Registered protocol family 1
[    0.238131] pci 0000:00:00.0: Limiting direct PCI/PCI transfers
[    0.238837] pci 0000:00:01.0: Activating ISA DMA hang workarounds
[    0.239547] pci 0000:00:02.0: Video device with shadowed ROM at [mem 0x000c0000-0x000dffff]
[    0.240578] Unpacking initramfs...
[    0.453651] Freeing initrd memory: 19532K
[    0.454282] clocksource: tsc: mask: 0xffffffffffffffff max_cycles: 0x29dc0b74fd3, max_idle_ns: 440795242287 ns
[    0.455409] platform rtc_cmos: registered platform RTC device (no PNP device found)
[    0.456330] Scanning for low memory corruption every 60 seconds
[    0.457500] Initialise system trusted keyrings
[    0.458042] Key type blacklist registered
[    0.458567] workingset: timestamp_bits=36 max_order=19 bucket_order=0
[    0.459894] zbud: loaded
[    0.460734] squashfs: version 4.0 (2009/01/31) Phillip Lougher
[    0.462525] fuse init (API version 7.26)
[    0.465164] Key type asymmetric registered
[    0.465646] Asymmetric key parser 'x509' registered
[    0.466232] Block layer SCSI generic (bsg) driver version 0.4 loaded (major 246)
[    0.467111] io scheduler noop registered
[    0.467575] io scheduler deadline registered
[    0.468099] io scheduler cfq registered (default)
[    0.468954] ACPI: AC Adapter [AC] (on-line)
[    0.469477] input: Power Button as /devices/LNXSYSTM:00/LNXPWRBN:00/input/input0
[    0.470348] ACPI: Power Button [PWRF]
[    0.470827] input: Sleep Button as /devices/LNXSYSTM:00/LNXSLPBN:00/input/input1
[    0.471676] ACPI: Sleep Button [SLPF]
[    0.472334] Serial: 8250/16550 driver, 32 ports, IRQ sharing enabled
[    0.493498] 00:02: ttyS0 at I/O 0x3f8 (irq = 4, base_baud = 115200) is a 16550A
[    0.495868] Linux agpgart interface v0.103
[    0.497240] loop: module loaded
[    0.497964] scsi host0: ata_piix
[    0.498434] scsi host1: ata_piix
[    0.498847] ata1: PATA max UDMA/33 cmd 0x1f0 ctl 0x3f6 bmdma 0xd000 irq 14
[    0.499609] ata2: PATA max UDMA/33 cmd 0x170 ctl 0x376 bmdma 0xd008 irq 15
[    0.500444] tun: Universal TUN/TAP device driver, 1.6
[    0.501191] PPP generic driver version 2.4.2
[    0.501740] ehci_hcd: USB 2.0 'Enhanced' Host Controller (EHCI) Driver
[    0.502467] ehci-pci: EHCI PCI platform driver
[    0.502992] ehci-platform: EHCI generic platform driver
[    0.503595] ohci_hcd: USB 1.1 'Open' Host Controller (OHCI) Driver
[    0.504301] ohci-pci: OHCI PCI platform driver
[    0.504830] ohci-platform: OHCI generic platform driver
[    0.505434] uhci_hcd: USB Universal Host Controller Interface driver
[    0.506169] i8042: PNP: PS/2 Controller [PNP0303:PS2K,PNP0f03:PS2M] at 0x60,0x64 irq 1,12
[    0.507453] serio: i8042 KBD port at 0x60,0x64 irq 1
[    0.508051] serio: i8042 AUX port at 0x60,0x64 irq 12
[    0.508759] mousedev: PS/2 mouse device common for all mice
[    0.509847] input: AT Translated Set 2 keyboard as /devices/platform/i8042/serio0/input/input2
[    0.510954] rtc_cmos rtc_cmos: rtc core: registered rtc_cmos as rtc0
[    0.511700] rtc_cmos rtc_cmos: alarms up to one day, 114 bytes nvram
[    0.512453] i2c /dev entries driver
[    0.512890] device-mapper: uevent: version 1.0.3
[    0.513494] device-mapper: ioctl: 4.37.0-ioctl (2017-09-20) initialised: dm-devel@redhat.com
[    0.514468] ledtrig-cpu: registered to indicate activity on CPUs
[    0.515381] NET: Registered protocol family 10
[    0.518426] Segment Routing with IPv6
[    0.518885] NET: Registered protocol family 17
[    0.519438] Key type dns_resolver registered
[    0.520064] mce: Using 0 MCE banks
[    0.520498] RAS: Correctable Errors collector initialized.
[    0.521110] sched_clock: Marking stable (520040434, 0)->(638812758, -118772324)
[    0.522211] registered taskstats version 1
[    0.522702] Loading compiled-in X.509 certificates
[    0.525025] Loaded X.509 cert 'Build time autogenerated kernel key: 29e5beaa583364da097e68c9386761f80dbce7ef'
[    0.526529] Loaded X.509 cert 'Canonical Ltd. Live Patch Signing: 14df34d1a87cf37625abec039ef2bf521249b969'
[    0.528017] Loaded X.509 cert 'Canonical Ltd. Kernel Module Signing: 88f752e560a1e0737e31163a466ad7b70a850c19'
[    0.529129] blacklist: Loading compiled-in revocation X.509 certificates
[    0.529865] Loaded X.509 cert 'Canonical Ltd. Secure Boot Signing: 61482aa2830d0ab2ad5af10b7250da9033ddcef0'
[    0.530970] zswap: loaded using pool lzo/zbud
[    0.533973] Key type big_key registered
[    0.534433] Key type trusted registered
[    0.535983] Key type encrypted registered
[    0.536493] AppArmor: AppArmor sha1 policy hashing enabled
[    0.537123] ima: No TPM chip found, activating TPM-bypass! (rc=-19)
[    0.537821] ima: Allocated hash algorithm: sha1
[    0.538357] evm: HMAC attrs: 0x1
[    0.538912]   Magic number: 7:807:727
[    0.539355] block loop7: hash matches
[    0.539852] rtc_cmos rtc_cmos: setting system clock to 2023-01-16 09:44:28 UTC (1673862268)
[    0.540944] BIOS EDD facility v0.16 2004-Jun-25, 0 devices found
[    0.541612] EDD information not available.
[    0.685827] Freeing unused kernel image memory: 2472K
[    0.757177] Write protecting the kernel read-only data: 20480k
[    0.762391] Freeing unused kernel image memory: 2008K
[    0.765443] Freeing unused kernel image memory: 1824K
[    0.772216] x86/mm: Checked W+X mappings: passed, no W+X pages found.
[    0.772915] x86/mm: Checking user space page tables
[    0.779385] x86/mm: Checked W+X mappings: passed, no W+X pages found.
Loading, please wait...
starting version 237
[    0.826331] e1000: Intel(R) PRO/1000 Network Driver - version 7.3.21-k8-NAPI
[    0.827174] e1000: Copyright (c) 1999-2006 Intel Corporation.
[    0.829678] Fusion MPT base driver 3.04.20
[    0.830167] Copyright (c) 1999-2008 LSI Corporation
[    0.832950] Fusion MPT SPI Host driver 3.04.20
[    1.041784] input: ImExPS/2 Generic Explorer Mouse as /devices/platform/i8042/serio1/input/input4
[    1.630000] e1000 0000:00:03.0 eth0: (PCI:33MHz:32-bit) 02:40:49:ac:f0:20
[    1.630814] e1000 0000:00:03.0 eth0: Intel(R) PRO/1000 Network Connection
[    1.632214] mptbase: ioc0: Initiating bringup
[    2.705038] ioc0: LSI53C1030 A0: Capabilities={Initiator}
[    5.461042] scsi host2: ioc0: LSI53C1030 A0, FwRev=00000000h, Ports=1, MaxQ=256, IRQ=20
[    7.460745] scsi 2:0:0:0: Direct-Access     VBOX     HARDDISK         1.0  PQ: 0 ANSI: 5
[    7.498740] scsi target2:0:0: Beginning Domain Validation
[    7.568055] scsi target2:0:0: Domain Validation skipping write tests
[    7.568855] scsi target2:0:0: Ending Domain Validation
[    7.569534] scsi target2:0:0: asynchronous
[    7.570485] scsi 2:0:1:0: Direct-Access     VBOX     HARDDISK         1.0  PQ: 0 ANSI: 5
[    7.819128] scsi target2:0:1: Beginning Domain Validation
[    7.820515] scsi target2:0:1: Domain Validation skipping write tests
[    7.821278] scsi target2:0:1: Ending Domain Validation
[    7.821912] scsi target2:0:1: asynchronous
[    7.824651] sd 2:0:0:0: [sda] 83886080 512-byte logical blocks: (42.9 GB/40.0 GiB)
[    7.825596] sd 2:0:0:0: [sda] Write Protect is off
[    7.826216] sd 2:0:0:0: [sda] Incomplete mode parameter data
[    7.826878] sd 2:0:0:0: [sda] Assuming drive cache: write through
[    7.828758] sd 2:0:0:0: Attached scsi generic sg0 type 0
[    7.829816]  sda: sda1
[    7.830763] e1000 0000:00:08.0 eth1: (PCI:33MHz:32-bit) 08:00:27:9b:73:e3
[    7.831006] sd 2:0:0:0: [sda] Attached SCSI disk
[    7.831699] e1000 0000:00:08.0 eth1: Intel(R) PRO/1000 Network Connection
[    7.832581] sd 2:0:1:0: [sdb] 20480 512-byte logical blocks: (10.5 MB/10.0 MiB)
[    7.834266] sd 2:0:1:0: [sdb] Write Protect is off
[    7.834877] sd 2:0:1:0: Attached scsi generic sg1 type 0
[    7.835526] sd 2:0:1:0: [sdb] Incomplete mode parameter data
[    7.836226] sd 2:0:1:0: [sdb] Assuming drive cache: write through
[    7.838782] sd 2:0:1:0: [sdb] Attached SCSI disk
[    7.840109] e1000 0000:00:03.0 enp0s3: renamed from eth0
[    7.852240] e1000 0000:00:08.0 enp0s8: renamed from eth1
Begin: Loading essential drivers ... [    9.256059] raid6: sse2x1   gen() 13327 MB/s
[    9.304065] raid6: sse2x1   xor()  7855 MB/s
[    9.352082] raid6: sse2x2   gen() 16396 MB/s
[    9.411660] raid6: sse2x2   xor() 13948 MB/s
[    9.468053] raid6: sse2x4   gen() 20666 MB/s
[    9.523868] raid6: sse2x4   xor() 13073 MB/s
[    9.572309] raid6: avx2x1   gen() 27893 MB/s
[    9.623817] raid6: avx2x1   xor() 17842 MB/s
[    9.679998] raid6: avx2x2   gen() 39067 MB/s
[    9.736043] raid6: avx2x2   xor() 25662 MB/s
[    9.791793] raid6: avx2x4   gen() 44757 MB/s
[    9.843757] raid6: avx2x4   xor() 24989 MB/s
[    9.844461] raid6: using algorithm avx2x4 gen() 44757 MB/s
[    9.845074] raid6: .... xor() 24989 MB/s, rmw enabled
[    9.845643] raid6: using avx2x2 recovery algorithm
[    9.847113] xor: automatically using best checksumming function   avx       
[    9.848771] async_tx: api initialized (async)
done.
Begin: Running /scripts/init-premount ... done.
Begin: Mounting root file system ... Begin: Running /scripts/local-top ... done.
Begin: Running /scripts/local-premount ... [    9.882774] Btrfs loaded, crc32c=crc32c-intel
Scanning for Btrfs filesystems
done.
Warning: fsck not present, so skipping root file system
[    9.906481] EXT4-fs (sda1): mounted filesystem with ordered data mode. Opts: (null)
done.
Begin: Running /scripts/local-bottom ... done.
Begin: Running /scripts/init-bottom ... done.
[   10.135284] ip_tables: (C) 2000-2006 Netfilter Core Team
[   10.143199] systemd[1]: systemd 237 running in system mode. (+PAM +AUDIT +SELINUX +IMA +APPARMOR +SMACK +SYSVINIT +UTMP +LIBCRYPTSETUP +GCRYPT +GNUTLS +ACL +XZ +LZ4 +SECCOMP +BLKID +ELFUTILS +KMOD -IDN2 +IDN -PCRE2 default-hierarchy=hybrid)
[   10.145562] systemd[1]: Detected virtualization oracle.
[   10.146163] systemd[1]: Detected architecture x86-64.

Welcome to [1mUbuntu 18.04.6 LTS[0m!

[   10.150001] systemd[1]: Set hostname to <ubuntu>.
[   10.153885] systemd[1]: Initializing machine ID from random generator.
[   10.154643] systemd[1]: Installed transient /etc/machine-id file.
[   10.514697] systemd[1]: Created slice System Slice.
[[0;32m  OK  [0m] Created slice System Slice.
[   10.515971] systemd[1]: Listening on udev Control Socket.
[[0;32m  OK  [0m] Listening on udev Control Socket.
[   10.517344] systemd[1]: Created slice User and Session Slice.
[[0;32m  OK  [0m] Created slice User and Session Slice.
[   10.518559] systemd[1]: Reached target Slices.
[[0;32m  OK  [0m] Reached target Slices.
[[0;32m  OK  [0m] Created slice system-serial\x2dgetty.slice.
[[0;32m  OK  [0m] Reached target Swap.
[[0;32m  OK  [0m] Listening on fsck to fsckd communication Socket.
[[0;32m  OK  [0m] Listening on /dev/initctl Compatibility Named Pipe.
[[0;32m  OK  [0m] Listening on udev Kernel Socket.
[[0;32m  OK  [0m] Reached target User and Group Name Lookups.
[[0;32m  OK  [0m] Set up automount Arbitrary Executab…rmats File System Automount Point.
[[0;32m  OK  [0m] Listening on LVM2 poll daemon socket.
[[0;32m  OK  [0m] Listening on LVM2 metadata daemon socket.
[[0;32m  OK  [0m] Listening on Network Service Netlink Socket.
[[0;32m  OK  [0m] Reached target System Time Synchronized.
[[0;32m  OK  [0m] Started Forward Password Requests to Wall Directory Watch.
[[0;32m  OK  [0m] Listening on Syslog Socket.
[[0;32m  OK  [0m] Listening on Device-mapper event daemon FIFOs.
[[0;32m  OK  [0m] Listening on Journal Socket (/dev/log).
[[0;32m  OK  [0m] Listening on Journal Socket.
         Mounting Huge Pages File System...
         Starting Uncomplicated firewall...
         Starting Load Kernel Modules...
         Starting Monitoring of LVM2 mirrors…ng dmeventd or progress polling...
         Starting udev Coldplug all Devices...
         Starting File System Check on Root Device...
         Mounting Kernel Debug File System...
         Starting Set the console keyboard layout...
         Mounting POSIX Message Queue File System...
         Starting Create list of required st…ce nodes for the current kernel...
[[0;32m  OK  [0m] Listening on Journal Audit Socket.
         Starting Journal Service...
[[0;32m  OK  [0m] Mounted Huge Pages File System.
[[0;32m  OK  [0m] Mounted Kernel Debug File System.
[[0;32m  OK  [0m] Mounted POSIX Message Queue File System.
[[0;32m  OK  [0m] Started Uncomplicated firewall.
[   10.553649] Loading iSCSI transport class v2.0-870.
[   10.558394] iscsi: registered transport (tcp)
[   10.572181] iscsi: registered transport (iser)
[[0;32m  OK  [0m] Started Load Kernel Modules.
         Mounting Kernel Configuration File System...
         Mounting FUSE Control File System...
         Starting Apply Kernel Variables...
[[0;32m  OK  [0m] Mounted Kernel Configuration File System.
[[0;32m  OK  [0m] Mounted FUSE Control File System.
[[0;32m  OK  [0m] Started LVM2 metadata daemon.
[[0;32m  OK  [0m] Started File System Check Daemon to report status.
[[0;32m  OK  [0m] Started udev Coldplug all Devices.
[[0;32m  OK  [0m] Started Create list of required sta…vice nodes for the current kernel.
         Starting Create Static Device Nodes in /dev...
[[0;32m  OK  [0m] Started Journal Service.
[[0;32m  OK  [0m] Started File System Check on Root Device.
         Starting Remount Root and Kernel File Systems...
[[0;32m  OK  [0m] Started Create Static Device Nodes in /dev.
[[0;32m  OK  [0m] Started Apply Kernel Variables.
[[0;32m  OK  [0m] Started Monitoring of LVM2 mirrors,…sing dmeventd or progress polling.
[[0;32m  OK  [0m] Started Remount Root and Kernel File Systems.
         Starting Load/Save Random Seed...
         Starting udev Kernel Device Manager...
         Starting Flush Journal to Persistent Storage...
[[0;32m  OK  [0m] Started Load/Save Random Seed.
[[0;32m  OK  [0m] Started udev Kernel Device Manager.
[[0;32m  OK  [0m] Started Flush Journal to Persistent Storage.
[[0;32m  OK  [0m] Found device /dev/ttyS0.
[[0;32m  OK  [0m] Listening on Load/Save RF Kill Switch Status /dev/rfkill Watch.
         Mounting Arbitrary Executable File Formats File System...
[[0;32m  OK  [0m] Mounted Arbitrary Executable File Formats File System.
[[0;32m  OK  [0m] Started Set the console keyboard layout.
[[0;32m  OK  [0m] Reached target Local File Systems (Pre).
[[0;32m  OK  [0m] Reached target Local File Systems.
         Starting Commit a transient machine-id on disk...
         Starting AppArmor initialization...
         Starting Create Volatile Files and Directories...
         Starting Tell Plymouth To Write Out Runtime Data...
         Starting ebtables ruleset management...
         Starting Set console font and keymap...
[[0;32m  OK  [0m] Started Dispatch Password Requests to Console Directory Watch.
[[0;32m  OK  [0m] Reached target Local Encrypted Volumes.
[[0;32m  OK  [0m] Started Tell Plymouth To Write Out Runtime Data.
[[0;32m  OK  [0m] Started Create Volatile Files and Directories.
         Starting Update UTMP about System Boot/Shutdown...
[[0;32m  OK  [0m] Started Update UTMP about System Boot/Shutdown.
[[0;32m  OK  [0m] Started Commit a transient machine-id on disk.
[[0;32m  OK  [0m] Started ebtables ruleset management.
[[0;32m  OK  [0m] Started AppArmor initialization.
         Starting Initial cloud-init job (pre-networking)...
         Starting Load AppArmor profiles managed internally by snapd...
[[0;32m  OK  [0m] Started Load AppArmor profiles managed internally by snapd.
[[0;32m  OK  [0m] Started Set console font and keymap.
[   13.023965] cloud-init[831]: Cloud-init v. 22.4.2-0ubuntu0~18.04.1 running 'init-local' at Mon, 16 Jan 2023 09:44:40 +0000. Up 12.77 seconds.
[[0;32m  OK  [0m] Started Initial cloud-init job (pre-networking).
[[0;32m  OK  [0m] Reached target Network (Pre).
         Starting Network Service...
[[0;32m  OK  [0m] Started Network Service.
         Starting Network Name Resolution...
         Starting Wait for Network to be Configured...
[[0;32m  OK  [0m] Started Network Name Resolution.
[[0;32m  OK  [0m] Reached target Host and Network Name Lookups.
[[0;32m  OK  [0m] Reached target Network.
[[0;32m  OK  [0m] Started Wait for Network to be Configured.
         Starting Initial cloud-init job (metadata service crawler)...
[   15.179316] cloud-init[1015]: Cloud-init v. 22.4.2-0ubuntu0~18.04.1 running 'init' at Mon, 16 Jan 2023 09:44:43 +0000. Up 15.06 seconds.
[   15.180262] cloud-init[1015]: ci-info: ++++++++++++++++++++++++++++++++++++++Net device info+++++++++++++++++++++++++++++++++++++++
[   15.181199] cloud-init[1015]: ci-info: +--------+-------+----------------------------+---------------+--------+-------------------+
[   15.182070] cloud-init[1015]: ci-info: | Device |   Up  |          Address           |      Mask     | Scope  |     Hw-Address    |
[   15.182915] cloud-init[1015]: ci-info: +--------+-------+----------------------------+---------------+--------+-------------------+
[   15.183779] cloud-init[1015]: ci-info: | enp0s3 |  True |         10.0.2.15          | 255.255.255.0 | global | 02:40:49:ac:f0:20 |
[   15.184679] cloud-init[1015]: ci-info: | enp0s3 |  True | fe80::40:49ff:feac:f020/64 |       .       |  link  | 02:40:49:ac:f0:20 |
[   15.185543] cloud-init[1015]: ci-info: | enp0s8 | False |             .              |       .       |   .    | 08:00:27:9b:73:e3 |
[   15.186401] cloud-init[1015]: ci-info: |   lo   |  True |         127.0.0.1          |   255.0.0.0   |  host  |         .         |
[   15.187255] cloud-init[1015]: ci-info: |   lo   |  True |          ::1/128           |       .       |  host  |         .         |
[   15.188125] cloud-init[1015]: ci-info: +--------+-------+----------------------------+---------------+--------+-------------------+
[   15.189184] cloud-init[1015]: ci-info: ++++++++++++++++++++++++++++Route IPv4 info+++++++++++++++++++++++++++++
[   15.190148] cloud-init[1015]: ci-info: +-------+-------------+----------+-----------------+-----------+-------+
[   15.190972] cloud-init[1015]: ci-info: | Route | Destination | Gateway  |     Genmask     | Interface | Flags |
[   15.191784] cloud-init[1015]: ci-info: +-------+-------------+----------+-----------------+-----------+-------+
[   15.192575] cloud-init[1015]: ci-info: |   0   |   0.0.0.0   | 10.0.2.2 |     0.0.0.0     |   enp0s3  |   UG  |
[   15.193320] cloud-init[1015]: ci-info: |   1   |   10.0.2.0  | 0.0.0.0  |  255.255.255.0  |   enp0s3  |   U   |
[   15.194107] cloud-init[1015]: ci-info: |   2   |   10.0.2.2  | 0.0.0.0  | 255.255.255.255 |   enp0s3  |   UH  |
[   15.194851] cloud-init[1015]: ci-info: +-------+-------------+----------+-----------------+-----------+-------+
[   15.195589] cloud-init[1015]: ci-info: +++++++++++++++++++Route IPv6 info+++++++++++++++++++
[   15.196235] cloud-init[1015]: ci-info: +-------+-------------+---------+-----------+-------+
[   15.196911] cloud-init[1015]: ci-info: | Route | Destination | Gateway | Interface | Flags |
[   15.197546] cloud-init[1015]: ci-info: +-------+-------------+---------+-----------+-------+
[   15.198194] cloud-init[1015]: ci-info: |   1   |  fe80::/64  |    ::   |   enp0s3  |   U   |
[   15.198838] cloud-init[1015]: ci-info: |   3   |    local    |    ::   |   enp0s3  |   U   |
[   15.199475] cloud-init[1015]: ci-info: |   4   |   ff00::/8  |    ::   |   enp0s3  |   U   |
[   15.200118] cloud-init[1015]: ci-info: +-------+-------------+---------+-----------+-------+
[   18.819473] cloud-init[1015]: Generating public/private rsa key pair.
[   18.820102] cloud-init[1015]: Your identification has been saved in /etc/ssh/ssh_host_rsa_key.
[   18.820787] cloud-init[1015]: Your public key has been saved in /etc/ssh/ssh_host_rsa_key.pub.
[   18.821459] cloud-init[1015]: The key fingerprint is:
[   18.821876] cloud-init[1015]: SHA256:X0EKILnOkQJd5EU21nxaQcklNb+RWwJyXDblv+npAwg root@ubuntu-bionic
[   18.822572] cloud-init[1015]: The key's randomart image is:
[   18.823022] cloud-init[1015]: +---[RSA 2048]----+
[   18.823416] cloud-init[1015]: | . o+oB+.o=*B.+..|
[   18.823807] cloud-init[1015]: |. ...= .o.=*.= + |
[   18.824204] cloud-init[1015]: | .  .o   +. . = o|
[   18.824613] cloud-init[1015]: |  . +   .E   . *.|
[   18.825003] cloud-init[1015]: |   + .  S . o o .|
[   18.825489] cloud-init[1015]: |    o    . o .  o|
[   18.825973] cloud-init[1015]: |          .   .o |
[   18.826402] cloud-init[1015]: |              ...|
[   18.826791] cloud-init[1015]: |              .+.|
[   18.827181] cloud-init[1015]: +----[SHA256]-----+
[   18.827573] cloud-init[1015]: Generating public/private dsa key pair.
[   18.828099] cloud-init[1015]: Your identification has been saved in /etc/ssh/ssh_host_dsa_key.
[   18.828820] cloud-init[1015]: Your public key has been saved in /etc/ssh/ssh_host_dsa_key.pub.
[   18.829591] cloud-init[1015]: The key fingerprint is:
[   18.830069] cloud-init[1015]: SHA256:b4IkK7Lmd3DQKHTsvPvoLmgZpat625z99+kRd9AnTMo root@ubuntu-bionic
[   18.830876] cloud-init[1015]: The key's randomart image is:
[   18.831391] cloud-init[1015]: +---[DSA 1024]----+
[   18.831850] cloud-init[1015]: |  .           .  |
[   18.832306] cloud-init[1015]: | . o       . + . |
[   18.832743] cloud-init[1015]: |. + o       E + o|
[   18.833134] cloud-init[1015]: | . * .         o.|
[   18.833526] cloud-init[1015]: |  + + . S   . . .|
[   18.833913] cloud-init[1015]: | o o = . .   o . |
[   18.834304] cloud-init[1015]: |o = = . . o .    |
[   18.834694] cloud-init[1015]: |.O.*.+   o.  o   |
[   18.835086] cloud-init[1015]: |Xo*=*..... o+    |
[   18.835476] cloud-init[1015]: +----[SHA256]-----+
[   18.835864] cloud-init[1015]: Generating public/private ecdsa key pair.
[   18.836479] cloud-init[1015]: Your identification has been saved in /etc/ssh/ssh_host_ecdsa_key.
[   18.837169] cloud-init[1015]: Your public key has been saved in /etc/ssh/ssh_host_ecdsa_key.pub.
[   18.837828] cloud-init[1015]: The key fingerprint is:
[   18.838240] cloud-init[1015]: SHA256:B5e7lbIKZhunFeB6SkRT6XYnQy3j5oYQXuFhmug5QZM root@ubuntu-bionic
[   18.838924] cloud-init[1015]: The key's randomart image is:
[   18.839367] cloud-init[1015]: +---[ECDSA 256]---+
[   18.839762] cloud-init[1015]: |  o.  =o .       |
[   18.840165] cloud-init[1015]: | .Eo.*o.+ ..     |
[   18.840563] cloud-init[1015]: |  o.=+oo.oo      |
[   18.840955] cloud-init[1015]: | . +ooo.*o.. .   |
[   18.841344] cloud-init[1015]: |  + .o.=S++ o    |
[   18.841729] cloud-init[1015]: |   o .. oo =     |
[   18.842119] cloud-init[1015]: |    o *.o o      |
[   18.842512] cloud-init[1015]: |   . = B .       |
[   18.842905] cloud-init[1015]: |    . o .        |
[   18.843296] cloud-init[1015]: +----[SHA256]-----+
[   18.843695] cloud-init[1015]: Generating public/private ed25519 key pair.
[   18.844228] cloud-init[1015]: Your identification has been saved in /etc/ssh/ssh_host_ed25519_key.
[   18.844962] cloud-init[1015]: Your public key has been saved in /etc/ssh/ssh_host_ed25519_key.pub.
[   18.845673] cloud-init[1015]: The key fingerprint is:
[   18.846106] cloud-init[1015]: SHA256:NSKT9fJUI+Z0pOTAwd9UAsor2vA+ay9hKHhMQCHHsCA root@ubuntu-bionic
[   18.846808] cloud-init[1015]: The key's randomart image is:
[   18.847281] cloud-init[1015]: +--[ED25519 256]--+
[   18.847695] cloud-init[1015]: |E=o    o+.*o*..  |
[   18.848120] cloud-init[1015]: |=o.    +oX =.o   |
[   18.848523] cloud-init[1015]: |..    + =.Oo     |
[   18.848910] cloud-init[1015]: |  .    o B...    |
[   18.849309] cloud-init[1015]: | +  ... S .      |
[   18.849702] cloud-init[1015]: |. + .=o.         |
[   18.850102] cloud-init[1015]: | . ...o.         |
[   18.850497] cloud-init[1015]: |     .+          |
[   18.850917] cloud-init[1015]: |     .o=.        |
[   18.851318] cloud-init[1015]: +----[SHA256]-----+
[[0;32m  OK  [0m] Started Initial cloud-init job (metadata service crawler).
[[0;32m  OK  [0m] Reached target Network is Online.
[[0;32m  OK  [0m] Reached target Remote File Systems (Pre).
[[0;32m  OK  [0m] Reached target Remote File Systems.
         Starting Availability of block devices...
[[0;32m  OK  [0m] Reached target Cloud-config availability.
[[0;32m  OK  [0m] Reached target System Initialization.
[[0;32m  OK  [0m] Listening on UUID daemon activation socket.
         Starting Socket activation for snappy daemon.
[[0;32m  OK  [0m] Listening on D-Bus System Message Bus Socket.
[[0;32m  OK  [0m] Started Daily Cleanup of Temporary Directories.
[[0;32m  OK  [0m] Started Ubuntu Advantage Timer for running repeated jobs.
[[0;32m  OK  [0m] Listening on cloud-init hotplug hook socket.
[[0;32m  OK  [0m] Listening on Open-iSCSI iscsid Socket.
[[0;32m  OK  [0m] Started Daily apt download activities.
[[0;32m  OK  [0m] Started Daily apt upgrade and clean activities.
[[0;32m  OK  [0m] Started Discard unused blocks once a week.
[[0;32m  OK  [0m] Started Message of the Day.
[[0;32m  OK  [0m] Reached target Timers.
         Starting LXD - unix socket.
[[0;32m  OK  [0m] Listening on ACPID Listen Socket.
[[0;32m  OK  [0m] Started ACPI Events Check.
[[0;32m  OK  [0m] Reached target Paths.
[[0;32m  OK  [0m] Listening on Socket activation for snappy daemon.
[[0;32m  OK  [0m] Listening on LXD - unix socket.
[[0;32m  OK  [0m] Reached target Sockets.
[[0;32m  OK  [0m] Reached target Basic System.
[[0;32m  OK  [0m] Started D-Bus System Message Bus.
[[0;32m  OK  [0m] Started Deferred execution scheduler.
         Starting Login Service...
[[0;32m  OK  [0m] Started Regular background program processing daemon.
         Starting LSB: automatic crash report generation...
         Starting System Logging Service...
         Starting Pollinate to seed the pseudo random number generator...
         Starting LSB: Record successful boot for GRUB...
         Starting Permit User Sessions...
         Starting Dispatcher daemon for systemd-networkd...
[[0;32m  OK  [0m] Reached target Login Prompts (Pre).
         Starting LXD - container startup/shutdown...
         Starting Virtualbox guest utils...
[[0;32m  OK  [0m] Started irqbalance daemon.
[[0;32m  OK  [0m] Started FUSE filesystem for LXC.
         Starting Snap Daemon...
         Starting Accounts Service...
[[0;32m  OK  [0m] Started Availability of block devices.
[[0;32m  OK  [0m] Started System Logging Service.
[[0;32m  OK  [0m] Started Login Service.
[[0;32m  OK  [0m] Started Unattended Upgrades Shutdown.
[[0;32m  OK  [0m] Started Permit User Sessions.
         Starting Hold until boot process finishes up...
         Starting Terminate Plymouth Boot Screen...
[[0;32m  OK  [0m] Started Hold until boot process finishes up.
[[0;32m  OK  [0m] Started Serial Getty on ttyS0.
         Starting Set console scheme...
[[0;32m  OK  [0m] Started Terminate Plymouth Boot Screen.
[[0;32m  OK  [0m] Started Set console scheme.
[[0;32m  OK  [0m] Created slice system-getty.slice.
[[0;32m  OK  [0m] Started Getty on tty1.
[[0;32m  OK  [0m] Reached target Login Prompts.
[[0;32m  OK  [0m] Started LSB: automatic crash report generation.
[[0;32m  OK  [0m] Started LSB: Record successful boot for GRUB.
         Starting Authorization Manager...
[[0;32m  OK  [0m] Started Virtualbox guest utils.
[[0;32m  OK  [0m] Started Authorization Manager.
[[0;32m  OK  [0m] Started Accounts Service.
[[0;32m  OK  [0m] Started LXD - container startup/shutdown.
[[0;32m  OK  [0m] Started Dispatcher daemon for systemd-networkd.
[[0;32m  OK  [0m] Started Snap Daemon.
         Starting Wait until snapd is fully seeded...
[[0;32m  OK  [0m] Started Pollinate to seed the pseudo random number generator.
         Starting OpenBSD Secure Shell server...
[[0;32m  OK  [0m] Started OpenBSD Secure Shell server.
         Starting Time & Date Service...
[[0;32m  OK  [0m] Started Time & Date Service.
[[0;32m  OK  [0m] Created slice User Slice of vagrant.
         Starting User Manager for UID 1000...
[[0;32m  OK  [0m] Started Session 1 of user vagrant.
[[0;32m  OK  [0m] Started User Manager for UID 1000.
[[0;32m  OK  [0m] Started Wait until snapd is fully seeded.
         Starting Apply the settings specified in cloud-config...
[   21.763960] cloud-init[1635]: Cloud-init v. 22.4.2-0ubuntu0~18.04.1 running 'modules:config' at Mon, 16 Jan 2023 09:44:49 +0000. Up 21.38 seconds.
[[0;32m  OK  [0m] Started Apply the settings specified in cloud-config.
[[0;32m  OK  [0m] Reached target Multi-User System.
[[0;32m  OK  [0m] Reached target Graphical Interface.
         Starting Update UTMP about System Runlevel Changes...
         Starting Execute cloud user/final scripts...
[[0;32m  OK  [0m] Started Update UTMP about System Runlevel Changes.
ci-info: no authorized SSH keys fingerprints found for user ubuntu.
<14>Jan 16 09:44:50 cloud-init: #############################################################
<14>Jan 16 09:44:50 cloud-init: -----BEGIN SSH HOST KEY FINGERPRINTS-----
<14>Jan 16 09:44:50 cloud-init: 1024 SHA256:b4IkK7Lmd3DQKHTsvPvoLmgZpat625z99+kRd9AnTMo root@ubuntu-bionic (DSA)
<14>Jan 16 09:44:50 cloud-init: 256 SHA256:B5e7lbIKZhunFeB6SkRT6XYnQy3j5oYQXuFhmug5QZM root@ubuntu-bionic (ECDSA)
<14>Jan 16 09:44:50 cloud-init: 256 SHA256:NSKT9fJUI+Z0pOTAwd9UAsor2vA+ay9hKHhMQCHHsCA root@ubuntu-bionic (ED25519)
<14>Jan 16 09:44:50 cloud-init: 2048 SHA256:X0EKILnOkQJd5EU21nxaQcklNb+RWwJyXDblv+npAwg root@ubuntu-bionic (RSA)
<14>Jan 16 09:44:50 cloud-init: -----END SSH HOST KEY FINGERPRINTS-----
<14>Jan 16 09:44:50 cloud-init: #############################################################
-----BEGIN SSH HOST KEY KEYS-----
ecdsa-sha2-nistp256 AAAAE2VjZHNhLXNoYTItbmlzdHAyNTYAAAAIbmlzdHAyNTYAAABBBM9VHyhpobfTiFidFRuMH+Rv39f4/4qPhQPsImPHng5UYalclAn7pEqN2KOCStDX1sbSPgoA+v//GIz0DKgHDbs= root@ubuntu-bionic
ssh-ed25519 AAAAC3NzaC1lZDI1NTE5AAAAIHGR3JeoysKcL3c42DSaY/Y03sYW3bLXY1Lo139oVMp0 root@ubuntu-bionic
ssh-rsa AAAAB3NzaC1yc2EAAAADAQABAAABAQCmXPpwPb0zc+NOrxRD39r0Sd9B6P0jGDbZAXCkarAWvDEvwjk7JKHuWX9+5mArv7ZU0Dd8/sPfylgrxP8F0ytGtJdQyMSpLo9KIzTdjMy8O+dtqPMA5RQwssKbwCSYCP6iM3NdhafQsI+p5obAAceVvIbZSK9khgEd5iBGMlbtdF8ix1i+TSWwnMNZht9t7Dizn7gJDc7gwwXKHzLVj+V5Pp9qX8Oe+d0VwuHe5k5vedrK9gKjSvl5gLRo+f6IG3YVTyhbE0CX9jyUnWmwxj1uTNDOK6aUN5z4sAMOMlOy2+eP3G/QGLgj9/fw9De62mRf3mb4Dubi/DsLyLIp6UmJ root@ubuntu-bionic
-----END SSH HOST KEY KEYS-----
[   22.250443] cloud-init[1733]: Cloud-init v. 22.4.2-0ubuntu0~18.04.1 running 'modules:final' at Mon, 16 Jan 2023 09:44:50 +0000. Up 22.12 seconds.
[   22.251571] cloud-init[1733]: Cloud-init v. 22.4.2-0ubuntu0~18.04.1 finished at Mon, 16 Jan 2023 09:44:50 +0000. Datasource DataSourceNoCloud [seed=/dev/sdb][dsmode=net].  Up 22.24 seconds
[[0;32m  OK  [0m] Started Execute cloud user/final scripts.
[[0;32m  OK  [0m] Reached target Cloud-init target.

Ubuntu 18.04.6 LTS ubuntu-bionic ttyS0

ubuntu-bionic login:                                                                                                                                                                                                     